[debug] [2025-12-07T08:43:33.358Z] ----------------------------------------------------------------------
[debug] [2025-12-07T08:43:33.359Z] Command:       /usr/local/bin/node /usr/local/bin/firebase emulators:start
[debug] [2025-12-07T08:43:33.360Z] CLI Version:   14.26.0
[debug] [2025-12-07T08:43:33.360Z] Platform:      darwin
[debug] [2025-12-07T08:43:33.360Z] Node Version:  v22.16.0
[debug] [2025-12-07T08:43:33.360Z] Time:          Sun Dec 07 2025 16:43:33 GMT+0800 (中国标准时间)
[debug] [2025-12-07T08:43:33.360Z] ----------------------------------------------------------------------
[debug] 
[debug] [2025-12-07T08:43:33.464Z] > command requires scopes: ["email","openid","https://www.googleapis.com/auth/cloudplatformprojects.readonly","https://www.googleapis.com/auth/firebase","https://www.googleapis.com/auth/cloud-platform"]
[debug] [2025-12-07T08:43:33.465Z] > authorizing via signed-in user (mengpu421@gmail.com)
[debug] [2025-12-07T08:43:33.499Z] java version "24.0.2" 2025-07-15

[debug] [2025-12-07T08:43:33.499Z] Java(TM) SE Runtime Environment (build 24.0.2+12-54)
Java HotSpot(TM) 64-Bit Server VM (build 24.0.2+12-54, mixed mode, sharing)

[debug] [2025-12-07T08:43:33.502Z] Parsed Java major version: 24
[info] i  emulators: Starting emulators: auth, firestore {"metadata":{"emulator":{"name":"hub"},"message":"Starting emulators: auth, firestore"}}
[debug] [2025-12-07T08:43:33.855Z] [logging] Logging Emulator only supports listening on one address (127.0.0.1). Not listening on ::1
[debug] [2025-12-07T08:43:33.855Z] [auth] Authentication Emulator only supports listening on one address (127.0.0.1). Not listening on ::1
[debug] [2025-12-07T08:43:33.855Z] [firestore] Firestore Emulator only supports listening on one address (127.0.0.1). Not listening on ::1
[debug] [2025-12-07T08:43:33.855Z] [firestore.websocket] websocket server for firestore only supports listening on one address (127.0.0.1). Not listening on ::1
[debug] [2025-12-07T08:43:33.855Z] assigned listening specs for emulators {"user":{"hub":[{"address":"127.0.0.1","family":"IPv4","port":4400},{"address":"::1","family":"IPv6","port":4400}],"ui":[{"address":"127.0.0.1","family":"IPv4","port":4000},{"address":"::1","family":"IPv6","port":4000}],"logging":[{"address":"127.0.0.1","family":"IPv4","port":4500}],"auth":[{"address":"127.0.0.1","family":"IPv4","port":9099}],"firestore":[{"address":"127.0.0.1","family":"IPv4","port":8080}],"firestore.websocket":[{"address":"127.0.0.1","family":"IPv4","port":9150}]},"metadata":{"message":"assigned listening specs for emulators"}}
[debug] [2025-12-07T08:43:33.858Z] Emulator locator file path: /var/folders/m1/4psym7z15xl4tgbt82zpfd640000gn/T/hub-coffee-spark-ai-barista-a5d3b.json
[debug] [2025-12-07T08:43:33.858Z] [hub] writing locator at /var/folders/m1/4psym7z15xl4tgbt82zpfd640000gn/T/hub-coffee-spark-ai-barista-a5d3b.json
[warn] ⚠  firestore: Cloud Firestore Emulator does not support multiple databases yet. {"metadata":{"emulator":{"name":"firestore"},"message":"Cloud Firestore Emulator does not support multiple databases yet."}}
[warn] ⚠  firestore: Did not find a Cloud Firestore rules file specified in a firebase.json config file. {"metadata":{"emulator":{"name":"firestore"},"message":"Did not find a Cloud Firestore rules file specified in a firebase.json config file."}}
[warn] ⚠  firestore: The emulator will default to allowing all reads and writes. Learn more about this option: https://firebase.google.com/docs/emulator-suite/install_and_configure#security_rules_configuration. {"metadata":{"emulator":{"name":"firestore"},"message":"The emulator will default to allowing all reads and writes. Learn more about this option: https://firebase.google.com/docs/emulator-suite/install_and_configure#security_rules_configuration."}}
[debug] [2025-12-07T08:43:33.861Z] Ignoring unsupported arg: auto_download {"metadata":{"emulator":{"name":"firestore"},"message":"Ignoring unsupported arg: auto_download"}}
[debug] [2025-12-07T08:43:33.861Z] Ignoring unsupported arg: single_project_mode_error {"metadata":{"emulator":{"name":"firestore"},"message":"Ignoring unsupported arg: single_project_mode_error"}}
[debug] [2025-12-07T08:43:33.861Z] Starting Firestore Emulator with command {"binary":"java","args":["-Dgoogle.cloud_firestore.debug_log_level=FINE","-Duser.language=en","-jar","/Users/mengpu/.cache/firebase/emulators/cloud-firestore-emulator-v1.19.8.jar","--host","127.0.0.1","--port",8080,"--websocket_port",9150,"--project_id","coffee-spark-ai-barista-a5d3b","--single_project_mode",true],"optionalArgs":["port","webchannel_port","host","rules","websocket_port","functions_emulator","seed_from_export","project_id","single_project_mode"],"joinArgs":false,"shell":false,"port":8080} {"metadata":{"emulator":{"name":"firestore"},"message":"Starting Firestore Emulator with command {\"binary\":\"java\",\"args\":[\"-Dgoogle.cloud_firestore.debug_log_level=FINE\",\"-Duser.language=en\",\"-jar\",\"/Users/mengpu/.cache/firebase/emulators/cloud-firestore-emulator-v1.19.8.jar\",\"--host\",\"127.0.0.1\",\"--port\",8080,\"--websocket_port\",9150,\"--project_id\",\"coffee-spark-ai-barista-a5d3b\",\"--single_project_mode\",true],\"optionalArgs\":[\"port\",\"webchannel_port\",\"host\",\"rules\",\"websocket_port\",\"functions_emulator\",\"seed_from_export\",\"project_id\",\"single_project_mode\"],\"joinArgs\":false,\"shell\":false,\"port\":8080}"}}
[info] i  firestore: Firestore Emulator logging to firestore-debug.log {"metadata":{"emulator":{"name":"firestore"},"message":"Firestore Emulator logging to \u001b[1mfirestore-debug.log\u001b[22m"}}
[debug] [2025-12-07T08:43:34.013Z] WARNING: A terminally deprecated method in sun.misc.Unsafe has been called
WARNING: sun.misc.Unsafe::objectFieldOffset has been called by io.netty.util.internal.PlatformDependent0$4 (file:/Users/mengpu/.cache/firebase/emulators/cloud-firestore-emulator-v1.19.8.jar)
WARNING: Please consider reporting this to the maintainers of class io.netty.util.internal.PlatformDependent0$4
WARNING: sun.misc.Unsafe::objectFieldOffset will be removed in a future release
 {"metadata":{"emulator":{"name":"firestore"},"message":"WARNING: A terminally deprecated method in sun.misc.Unsafe has been called\nWARNING: sun.misc.Unsafe::objectFieldOffset has been called by io.netty.util.internal.PlatformDependent0$4 (file:/Users/mengpu/.cache/firebase/emulators/cloud-firestore-emulator-v1.19.8.jar)\nWARNING: Please consider reporting this to the maintainers of class io.netty.util.internal.PlatformDependent0$4\nWARNING: sun.misc.Unsafe::objectFieldOffset will be removed in a future release\n"}}
[debug] [2025-12-07T08:43:34.361Z] Dec 07, 2025 4:43:34 PM com.google.cloud.datastore.emulator.firestore.websocket.WebSocketServer start
INFO: Started WebSocket server on ws://127.0.0.1:9150
 {"metadata":{"emulator":{"name":"firestore"},"message":"Dec 07, 2025 4:43:34 PM com.google.cloud.datastore.emulator.firestore.websocket.WebSocketServer start\nINFO: Started WebSocket server on ws://127.0.0.1:9150\n"}}
[debug] [2025-12-07T08:43:34.373Z] API endpoint: http:// {"metadata":{"emulator":{"name":"firestore"},"message":"API endpoint: http://"}}
[debug] [2025-12-07T08:43:34.373Z] 127.0.0.1:8080
If you are using a library that supports the FIRESTORE_EMULATOR_HOST environment variable, run:

   export FIRESTORE_EMULATOR_HOST=127.0.0.1:8080

If you are running a Firestore in Datastore Mode project, run:

   export DATASTORE_EMULATOR_HOST=127.0.0.1:8080

Note: Support for Datastore Mode is in preview. If you encounter any bugs please file at https://github.com/firebase/firebase-tools/issues.
Dev App Server is now running.

 {"metadata":{"emulator":{"name":"firestore"},"message":"127.0.0.1:8080\nIf you are using a library that supports the FIRESTORE_EMULATOR_HOST environment variable, run:\n\n   export FIRESTORE_EMULATOR_HOST=127.0.0.1:8080\n\nIf you are running a Firestore in Datastore Mode project, run:\n\n   export DATASTORE_EMULATOR_HOST=127.0.0.1:8080\n\nNote: Support for Datastore Mode is in preview. If you encounter any bugs please file at https://github.com/firebase/firebase-tools/issues.\nDev App Server is now running.\n\n"}}
[info] ✔  firestore: Firestore Emulator UI websocket is running on 9150. {"metadata":{"emulator":{"name":"firestore"},"message":"Firestore Emulator UI websocket is running on 9150."}}
[debug] [2025-12-07T08:43:36.645Z] Could not find VSCode notification endpoint: FetchError: request to http://localhost:40001/vscode/notify failed, reason: . If you are not running the Firebase Data Connect VSCode extension, this is expected and not an issue.
[info] 
┌─────────────────────────────────────────────────────────────┐
│ ✔  All emulators ready! It is now safe to connect your app. │
│ i  View Emulator UI at http://127.0.0.1:4000/               │
└─────────────────────────────────────────────────────────────┘

┌────────────────┬────────────────┬─────────────────────────────────┐
│ Emulator       │ Host:Port      │ View in Emulator UI             │
├────────────────┼────────────────┼─────────────────────────────────┤
│ Authentication │ 127.0.0.1:9099 │ http://127.0.0.1:4000/auth      │
├────────────────┼────────────────┼─────────────────────────────────┤
│ Firestore      │ 127.0.0.1:8080 │ http://127.0.0.1:4000/firestore │
└────────────────┴────────────────┴─────────────────────────────────┘
  Emulator Hub host: 127.0.0.1 port: 4400
  Other reserved ports: 4500, 9150

Issues? Report them at https://github.com/firebase/firebase-tools/issues and attach the *-debug.log files.
 
[debug] [2025-12-07T08:46:06.691Z] Dec 07, 2025 4:46:06 PM io.gapi.emulators.netty.HttpVersionRoutingHandler channelRead
INFO: Detected HTTP/2 connection.
 {"metadata":{"emulator":{"name":"firestore"},"message":"Dec 07, 2025 4:46:06 PM io.gapi.emulators.netty.HttpVersionRoutingHandler channelRead\nINFO: Detected HTTP/2 connection.\n"}}
[debug] [2025-12-07T08:46:06.757Z] Multiple projectIds are not recommended in single project mode. Requested project ID mymoment-e8680, but the emulator is configured for coffee-spark-ai-barista-a5d3b. To opt-out of single project mode add/set the '"singleProjectMode": false' property in the firebase.json emulators config.
 {"metadata":{"emulator":{"name":"firestore"},"message":"Multiple projectIds are not recommended in single project mode. Requested project ID mymoment-e8680, but the emulator is configured for coffee-spark-ai-barista-a5d3b. To opt-out of single project mode add/set the '\"singleProjectMode\": false' property in the firebase.json emulators config.\n"}}
[debug] [2025-12-07T08:46:11.824Z] Multiple projectIds are not recommended in single project mode. Requested project ID mymoment-e8680, but the emulator is configured for coffee-spark-ai-barista-a5d3b. To opt-out of single project mode add/set the '"singleProjectMode": false' property in the firebase.json emulators config.
 {"metadata":{"emulator":{"name":"firestore"},"message":"Multiple projectIds are not recommended in single project mode. Requested project ID mymoment-e8680, but the emulator is configured for coffee-spark-ai-barista-a5d3b. To opt-out of single project mode add/set the '\"singleProjectMode\": false' property in the firebase.json emulators config.\n"}}
[debug] [2025-12-07T08:46:19.672Z] Multiple projectIds are not recommended in single project mode. Requested project ID mymoment-e8680, but the emulator is configured for coffee-spark-ai-barista-a5d3b. To opt-out of single project mode add/set the '"singleProjectMode": false' property in the firebase.json emulators config.
 {"metadata":{"emulator":{"name":"firestore"},"message":"Multiple projectIds are not recommended in single project mode. Requested project ID mymoment-e8680, but the emulator is configured for coffee-spark-ai-barista-a5d3b. To opt-out of single project mode add/set the '\"singleProjectMode\": false' property in the firebase.json emulators config.\n"}}
[debug] [2025-12-07T08:46:19.672Z] Multiple projectIds are not recommended in single project mode. Requested project ID mymoment-e8680, but the emulator is configured for coffee-spark-ai-barista-a5d3b. To opt-out of single project mode add/set the '"singleProjectMode": false' property in the firebase.json emulators config.
 {"metadata":{"emulator":{"name":"firestore"},"message":"Multiple projectIds are not recommended in single project mode. Requested project ID mymoment-e8680, but the emulator is configured for coffee-spark-ai-barista-a5d3b. To opt-out of single project mode add/set the '\"singleProjectMode\": false' property in the firebase.json emulators config.\n"}}
[debug] [2025-12-07T08:46:35.126Z] Multiple projectIds are not recommended in single project mode. Requested project ID mymoment-e8680, but the emulator is configured for coffee-spark-ai-barista-a5d3b. To opt-out of single project mode add/set the '"singleProjectMode": false' property in the firebase.json emulators config.
 {"metadata":{"emulator":{"name":"firestore"},"message":"Multiple projectIds are not recommended in single project mode. Requested project ID mymoment-e8680, but the emulator is configured for coffee-spark-ai-barista-a5d3b. To opt-out of single project mode add/set the '\"singleProjectMode\": false' property in the firebase.json emulators config.\n"}}
[debug] [2025-12-07T08:46:49.947Z] Multiple projectIds are not recommended in single project mode. Requested project ID mymoment-e8680, but the emulator is configured for coffee-spark-ai-barista-a5d3b. To opt-out of single project mode add/set the '"singleProjectMode": false' property in the firebase.json emulators config.
 {"metadata":{"emulator":{"name":"firestore"},"message":"Multiple projectIds are not recommended in single project mode. Requested project ID mymoment-e8680, but the emulator is configured for coffee-spark-ai-barista-a5d3b. To opt-out of single project mode add/set the '\"singleProjectMode\": false' property in the firebase.json emulators config.\n"}}
[debug] [2025-12-07T08:49:20.051Z] Dec 07, 2025 4:49:20 PM io.gapi.emulators.netty.HttpVersionRoutingHandler channelRead
INFO: Detected HTTP/2 connection.
 {"metadata":{"emulator":{"name":"firestore"},"message":"Dec 07, 2025 4:49:20 PM io.gapi.emulators.netty.HttpVersionRoutingHandler channelRead\nINFO: Detected HTTP/2 connection.\n"}}
[debug] [2025-12-07T08:49:20.062Z] Multiple projectIds are not recommended in single project mode. Requested project ID mymoment-e8680, but the emulator is configured for coffee-spark-ai-barista-a5d3b. To opt-out of single project mode add/set the '"singleProjectMode": false' property in the firebase.json emulators config.
 {"metadata":{"emulator":{"name":"firestore"},"message":"Multiple projectIds are not recommended in single project mode. Requested project ID mymoment-e8680, but the emulator is configured for coffee-spark-ai-barista-a5d3b. To opt-out of single project mode add/set the '\"singleProjectMode\": false' property in the firebase.json emulators config.\n"}}
[debug] [2025-12-07T08:51:19.836Z] Multiple projectIds are not recommended in single project mode. Requested project ID mymoment-e8680, but the emulator is configured for coffee-spark-ai-barista-a5d3b. To opt-out of single project mode add/set the '"singleProjectMode": false' property in the firebase.json emulators config.
 {"metadata":{"emulator":{"name":"firestore"},"message":"Multiple projectIds are not recommended in single project mode. Requested project ID mymoment-e8680, but the emulator is configured for coffee-spark-ai-barista-a5d3b. To opt-out of single project mode add/set the '\"singleProjectMode\": false' property in the firebase.json emulators config.\n"}}
[debug] [2025-12-07T08:56:19.938Z] Dec 07, 2025 4:56:19 PM io.gapi.emulators.netty.HttpVersionRoutingHandler channelRead
INFO: Detected HTTP/2 connection.
 {"metadata":{"emulator":{"name":"firestore"},"message":"Dec 07, 2025 4:56:19 PM io.gapi.emulators.netty.HttpVersionRoutingHandler channelRead\nINFO: Detected HTTP/2 connection.\n"}}
[debug] [2025-12-07T08:56:19.947Z] Multiple projectIds are not recommended in single project mode. Requested project ID mymoment-e8680, but the emulator is configured for coffee-spark-ai-barista-a5d3b. To opt-out of single project mode add/set the '"singleProjectMode": false' property in the firebase.json emulators config.
 {"metadata":{"emulator":{"name":"firestore"},"message":"Multiple projectIds are not recommended in single project mode. Requested project ID mymoment-e8680, but the emulator is configured for coffee-spark-ai-barista-a5d3b. To opt-out of single project mode add/set the '\"singleProjectMode\": false' property in the firebase.json emulators config.\n"}}
[debug] [2025-12-07T08:59:20.722Z] Multiple projectIds are not recommended in single project mode. Requested project ID mymoment-e8680, but the emulator is configured for coffee-spark-ai-barista-a5d3b. To opt-out of single project mode add/set the '"singleProjectMode": false' property in the firebase.json emulators config.
 {"metadata":{"emulator":{"name":"firestore"},"message":"Multiple projectIds are not recommended in single project mode. Requested project ID mymoment-e8680, but the emulator is configured for coffee-spark-ai-barista-a5d3b. To opt-out of single project mode add/set the '\"singleProjectMode\": false' property in the firebase.json emulators config.\n"}}
[debug] [2025-12-07T09:02:05.763Z] Dec 07, 2025 5:02:05 PM io.gapi.emulators.netty.HttpVersionRoutingHandler channelRead
INFO: Detected HTTP/2 connection.
 {"metadata":{"emulator":{"name":"firestore"},"message":"Dec 07, 2025 5:02:05 PM io.gapi.emulators.netty.HttpVersionRoutingHandler channelRead\nINFO: Detected HTTP/2 connection.\n"}}
[debug] [2025-12-07T09:02:05.773Z] Multiple projectIds are not recommended in single project mode. Requested project ID mymoment-e8680, but the emulator is configured for coffee-spark-ai-barista-a5d3b. To opt-out of single project mode add/set the '"singleProjectMode": false' property in the firebase.json emulators config.
 {"metadata":{"emulator":{"name":"firestore"},"message":"Multiple projectIds are not recommended in single project mode. Requested project ID mymoment-e8680, but the emulator is configured for coffee-spark-ai-barista-a5d3b. To opt-out of single project mode add/set the '\"singleProjectMode\": false' property in the firebase.json emulators config.\n"}}
[debug] [2025-12-07T09:03:35.807Z] Dec 07, 2025 5:03:35 PM io.gapi.emulators.netty.HttpVersionRoutingHandler channelRead
INFO: Detected HTTP/2 connection.
 {"metadata":{"emulator":{"name":"firestore"},"message":"Dec 07, 2025 5:03:35 PM io.gapi.emulators.netty.HttpVersionRoutingHandler channelRead\nINFO: Detected HTTP/2 connection.\n"}}
[debug] [2025-12-07T09:03:35.814Z] Multiple projectIds are not recommended in single project mode. Requested project ID mymoment-e8680, but the emulator is configured for coffee-spark-ai-barista-a5d3b. To opt-out of single project mode add/set the '"singleProjectMode": false' property in the firebase.json emulators config.
 {"metadata":{"emulator":{"name":"firestore"},"message":"Multiple projectIds are not recommended in single project mode. Requested project ID mymoment-e8680, but the emulator is configured for coffee-spark-ai-barista-a5d3b. To opt-out of single project mode add/set the '\"singleProjectMode\": false' property in the firebase.json emulators config.\n"}}
[debug] [2025-12-07T09:06:35.883Z] Dec 07, 2025 5:06:35 PM io.gapi.emulators.netty.HttpVersionRoutingHandler channelRead
INFO: Detected HTTP/2 connection.
 {"metadata":{"emulator":{"name":"firestore"},"message":"Dec 07, 2025 5:06:35 PM io.gapi.emulators.netty.HttpVersionRoutingHandler channelRead\nINFO: Detected HTTP/2 connection.\n"}}
[debug] [2025-12-07T09:06:35.898Z] Multiple projectIds are not recommended in single project mode. Requested project ID mymoment-e8680, but the emulator is configured for coffee-spark-ai-barista-a5d3b. To opt-out of single project mode add/set the '"singleProjectMode": false' property in the firebase.json emulators config.
 {"metadata":{"emulator":{"name":"firestore"},"message":"Multiple projectIds are not recommended in single project mode. Requested project ID mymoment-e8680, but the emulator is configured for coffee-spark-ai-barista-a5d3b. To opt-out of single project mode add/set the '\"singleProjectMode\": false' property in the firebase.json emulators config.\n"}}
[debug] [2025-12-07T09:14:58.276Z] Dec 07, 2025 5:14:58 PM io.gapi.emulators.netty.HttpVersionRoutingHandler channelRead
INFO: Detected HTTP/2 connection.
 {"metadata":{"emulator":{"name":"firestore"},"message":"Dec 07, 2025 5:14:58 PM io.gapi.emulators.netty.HttpVersionRoutingHandler channelRead\nINFO: Detected HTTP/2 connection.\n"}}
[debug] [2025-12-07T09:14:58.288Z] Multiple projectIds are not recommended in single project mode. Requested project ID mymoment-e8680, but the emulator is configured for coffee-spark-ai-barista-a5d3b. To opt-out of single project mode add/set the '"singleProjectMode": false' property in the firebase.json emulators config.
 {"metadata":{"emulator":{"name":"firestore"},"message":"Multiple projectIds are not recommended in single project mode. Requested project ID mymoment-e8680, but the emulator is configured for coffee-spark-ai-barista-a5d3b. To opt-out of single project mode add/set the '\"singleProjectMode\": false' property in the firebase.json emulators config.\n"}}
[debug] [2025-12-07T09:15:03.175Z] Multiple projectIds are not recommended in single project mode. Requested project ID mymoment-e8680, but the emulator is configured for coffee-spark-ai-barista-a5d3b. To opt-out of single project mode add/set the '"singleProjectMode": false' property in the firebase.json emulators config.
 {"metadata":{"emulator":{"name":"firestore"},"message":"Multiple projectIds are not recommended in single project mode. Requested project ID mymoment-e8680, but the emulator is configured for coffee-spark-ai-barista-a5d3b. To opt-out of single project mode add/set the '\"singleProjectMode\": false' property in the firebase.json emulators config.\n"}}
[debug] [2025-12-07T09:17:33.278Z] Dec 07, 2025 5:17:33 PM io.gapi.emulators.netty.HttpVersionRoutingHandler channelRead
INFO: Detected HTTP/2 connection.
 {"metadata":{"emulator":{"name":"firestore"},"message":"Dec 07, 2025 5:17:33 PM io.gapi.emulators.netty.HttpVersionRoutingHandler channelRead\nINFO: Detected HTTP/2 connection.\n"}}
[debug] [2025-12-07T09:17:33.285Z] Multiple projectIds are not recommended in single project mode. Requested project ID mymoment-e8680, but the emulator is configured for coffee-spark-ai-barista-a5d3b. To opt-out of single project mode add/set the '"singleProjectMode": false' property in the firebase.json emulators config.
 {"metadata":{"emulator":{"name":"firestore"},"message":"Multiple projectIds are not recommended in single project mode. Requested project ID mymoment-e8680, but the emulator is configured for coffee-spark-ai-barista-a5d3b. To opt-out of single project mode add/set the '\"singleProjectMode\": false' property in the firebase.json emulators config.\n"}}
[debug] [2025-12-07T09:21:54.174Z] Dec 07, 2025 5:21:54 PM io.gapi.emulators.netty.HttpVersionRoutingHandler channelRead
INFO: Detected HTTP/2 connection.
 {"metadata":{"emulator":{"name":"firestore"},"message":"Dec 07, 2025 5:21:54 PM io.gapi.emulators.netty.HttpVersionRoutingHandler channelRead\nINFO: Detected HTTP/2 connection.\n"}}
[debug] [2025-12-07T09:21:54.182Z] Multiple projectIds are not recommended in single project mode. Requested project ID mymoment-e8680, but the emulator is configured for coffee-spark-ai-barista-a5d3b. To opt-out of single project mode add/set the '"singleProjectMode": false' property in the firebase.json emulators config.
 {"metadata":{"emulator":{"name":"firestore"},"message":"Multiple projectIds are not recommended in single project mode. Requested project ID mymoment-e8680, but the emulator is configured for coffee-spark-ai-barista-a5d3b. To opt-out of single project mode add/set the '\"singleProjectMode\": false' property in the firebase.json emulators config.\n"}}
[debug] [2025-12-07T09:22:52.560Z] Dec 07, 2025 5:22:52 PM io.gapi.emulators.netty.HttpVersionRoutingHandler channelRead
INFO: Detected HTTP/2 connection.
 {"metadata":{"emulator":{"name":"firestore"},"message":"Dec 07, 2025 5:22:52 PM io.gapi.emulators.netty.HttpVersionRoutingHandler channelRead\nINFO: Detected HTTP/2 connection.\n"}}
[debug] [2025-12-07T09:22:52.569Z] Multiple projectIds are not recommended in single project mode. Requested project ID mymoment-e8680, but the emulator is configured for coffee-spark-ai-barista-a5d3b. To opt-out of single project mode add/set the '"singleProjectMode": false' property in the firebase.json emulators config.
 {"metadata":{"emulator":{"name":"firestore"},"message":"Multiple projectIds are not recommended in single project mode. Requested project ID mymoment-e8680, but the emulator is configured for coffee-spark-ai-barista-a5d3b. To opt-out of single project mode add/set the '\"singleProjectMode\": false' property in the firebase.json emulators config.\n"}}
[debug] [2025-12-07T09:24:44.206Z] Dec 07, 2025 5:24:44 PM io.gapi.emulators.netty.HttpVersionRoutingHandler channelRead
INFO: Detected HTTP/2 connection.
 {"metadata":{"emulator":{"name":"firestore"},"message":"Dec 07, 2025 5:24:44 PM io.gapi.emulators.netty.HttpVersionRoutingHandler channelRead\nINFO: Detected HTTP/2 connection.\n"}}
[debug] [2025-12-07T09:24:44.221Z] Multiple projectIds are not recommended in single project mode. Requested project ID mymoment-e8680, but the emulator is configured for coffee-spark-ai-barista-a5d3b. To opt-out of single project mode add/set the '"singleProjectMode": false' property in the firebase.json emulators config.
 {"metadata":{"emulator":{"name":"firestore"},"message":"Multiple projectIds are not recommended in single project mode. Requested project ID mymoment-e8680, but the emulator is configured for coffee-spark-ai-barista-a5d3b. To opt-out of single project mode add/set the '\"singleProjectMode\": false' property in the firebase.json emulators config.\n"}}
[debug] [2025-12-07T09:26:14.272Z] Dec 07, 2025 5:26:14 PM io.gapi.emulators.netty.HttpVersionRoutingHandler channelRead
INFO: Detected HTTP/2 connection.
 {"metadata":{"emulator":{"name":"firestore"},"message":"Dec 07, 2025 5:26:14 PM io.gapi.emulators.netty.HttpVersionRoutingHandler channelRead\nINFO: Detected HTTP/2 connection.\n"}}
[debug] [2025-12-07T09:26:14.280Z] Multiple projectIds are not recommended in single project mode. Requested project ID mymoment-e8680, but the emulator is configured for coffee-spark-ai-barista-a5d3b. To opt-out of single project mode add/set the '"singleProjectMode": false' property in the firebase.json emulators config.
 {"metadata":{"emulator":{"name":"firestore"},"message":"Multiple projectIds are not recommended in single project mode. Requested project ID mymoment-e8680, but the emulator is configured for coffee-spark-ai-barista-a5d3b. To opt-out of single project mode add/set the '\"singleProjectMode\": false' property in the firebase.json emulators config.\n"}}
[debug] [2025-12-07T09:29:14.352Z] Dec 07, 2025 5:29:14 PM io.gapi.emulators.netty.HttpVersionRoutingHandler channelRead
INFO: Detected HTTP/2 connection.
 {"metadata":{"emulator":{"name":"firestore"},"message":"Dec 07, 2025 5:29:14 PM io.gapi.emulators.netty.HttpVersionRoutingHandler channelRead\nINFO: Detected HTTP/2 connection.\n"}}
[debug] [2025-12-07T09:29:14.364Z] Multiple projectIds are not recommended in single project mode. Requested project ID mymoment-e8680, but the emulator is configured for coffee-spark-ai-barista-a5d3b. To opt-out of single project mode add/set the '"singleProjectMode": false' property in the firebase.json emulators config.
 {"metadata":{"emulator":{"name":"firestore"},"message":"Multiple projectIds are not recommended in single project mode. Requested project ID mymoment-e8680, but the emulator is configured for coffee-spark-ai-barista-a5d3b. To opt-out of single project mode add/set the '\"singleProjectMode\": false' property in the firebase.json emulators config.\n"}}
[debug] [2025-12-07T10:01:06.358Z] Dec 07, 2025 6:01:06 PM io.gapi.emulators.netty.HttpVersionRoutingHandler channelRead
INFO: Detected HTTP/2 connection.
 {"metadata":{"emulator":{"name":"firestore"},"message":"Dec 07, 2025 6:01:06 PM io.gapi.emulators.netty.HttpVersionRoutingHandler channelRead\nINFO: Detected HTTP/2 connection.\n"}}
[debug] [2025-12-07T10:01:06.367Z] Multiple projectIds are not recommended in single project mode. Requested project ID mymoment-e8680, but the emulator is configured for coffee-spark-ai-barista-a5d3b. To opt-out of single project mode add/set the '"singleProjectMode": false' property in the firebase.json emulators config.
 {"metadata":{"emulator":{"name":"firestore"},"message":"Multiple projectIds are not recommended in single project mode. Requested project ID mymoment-e8680, but the emulator is configured for coffee-spark-ai-barista-a5d3b. To opt-out of single project mode add/set the '\"singleProjectMode\": false' property in the firebase.json emulators config.\n"}}
[debug] [2025-12-07T10:01:06.368Z] Multiple projectIds are not recommended in single project mode. Requested project ID mymoment-e8680, but the emulator is configured for coffee-spark-ai-barista-a5d3b. To opt-out of single project mode add/set the '"singleProjectMode": false' property in the firebase.json emulators config.
 {"metadata":{"emulator":{"name":"firestore"},"message":"Multiple projectIds are not recommended in single project mode. Requested project ID mymoment-e8680, but the emulator is configured for coffee-spark-ai-barista-a5d3b. To opt-out of single project mode add/set the '\"singleProjectMode\": false' property in the firebase.json emulators config.\n"}}
[debug] [2025-12-07T10:01:26.763Z] Multiple projectIds are not recommended in single project mode. Requested project ID mymoment-e8680, but the emulator is configured for coffee-spark-ai-barista-a5d3b. To opt-out of single project mode add/set the '"singleProjectMode": false' property in the firebase.json emulators config.
 {"metadata":{"emulator":{"name":"firestore"},"message":"Multiple projectIds are not recommended in single project mode. Requested project ID mymoment-e8680, but the emulator is configured for coffee-spark-ai-barista-a5d3b. To opt-out of single project mode add/set the '\"singleProjectMode\": false' property in the firebase.json emulators config.\n"}}
[debug] [2025-12-07T10:02:47.640Z] Multiple projectIds are not recommended in single project mode. Requested project ID mymoment-e8680, but the emulator is configured for coffee-spark-ai-barista-a5d3b. To opt-out of single project mode add/set the '"singleProjectMode": false' property in the firebase.json emulators config.
 {"metadata":{"emulator":{"name":"firestore"},"message":"Multiple projectIds are not recommended in single project mode. Requested project ID mymoment-e8680, but the emulator is configured for coffee-spark-ai-barista-a5d3b. To opt-out of single project mode add/set the '\"singleProjectMode\": false' property in the firebase.json emulators config.\n"}}
[debug] [2025-12-07T10:03:51.240Z] Dec 07, 2025 6:03:51 PM io.gapi.emulators.netty.HttpVersionRoutingHandler channelRead
INFO: Detected HTTP/2 connection.
 {"metadata":{"emulator":{"name":"firestore"},"message":"Dec 07, 2025 6:03:51 PM io.gapi.emulators.netty.HttpVersionRoutingHandler channelRead\nINFO: Detected HTTP/2 connection.\n"}}
[debug] [2025-12-07T10:03:51.250Z] Multiple projectIds are not recommended in single project mode. Requested project ID mymoment-e8680, but the emulator is configured for coffee-spark-ai-barista-a5d3b. To opt-out of single project mode add/set the '"singleProjectMode": false' property in the firebase.json emulators config.
 {"metadata":{"emulator":{"name":"firestore"},"message":"Multiple projectIds are not recommended in single project mode. Requested project ID mymoment-e8680, but the emulator is configured for coffee-spark-ai-barista-a5d3b. To opt-out of single project mode add/set the '\"singleProjectMode\": false' property in the firebase.json emulators config.\n"}}
[debug] [2025-12-07T10:03:51.250Z] Multiple projectIds are not recommended in single project mode. Requested project ID mymoment-e8680, but the emulator is configured for coffee-spark-ai-barista-a5d3b. To opt-out of single project mode add/set the '"singleProjectMode": false' property in the firebase.json emulators config.
 {"metadata":{"emulator":{"name":"firestore"},"message":"Multiple projectIds are not recommended in single project mode. Requested project ID mymoment-e8680, but the emulator is configured for coffee-spark-ai-barista-a5d3b. To opt-out of single project mode add/set the '\"singleProjectMode\": false' property in the firebase.json emulators config.\n"}}
[debug] [2025-12-07T10:04:21.721Z] Multiple projectIds are not recommended in single project mode. Requested project ID mymoment-e8680, but the emulator is configured for coffee-spark-ai-barista-a5d3b. To opt-out of single project mode add/set the '"singleProjectMode": false' property in the firebase.json emulators config.
 {"metadata":{"emulator":{"name":"firestore"},"message":"Multiple projectIds are not recommended in single project mode. Requested project ID mymoment-e8680, but the emulator is configured for coffee-spark-ai-barista-a5d3b. To opt-out of single project mode add/set the '\"singleProjectMode\": false' property in the firebase.json emulators config.\n"}}
[debug] [2025-12-07T10:06:51.936Z] Dec 07, 2025 6:06:51 PM io.gapi.emulators.netty.HttpVersionRoutingHandler channelRead
INFO: Detected HTTP/2 connection.
 {"metadata":{"emulator":{"name":"firestore"},"message":"Dec 07, 2025 6:06:51 PM io.gapi.emulators.netty.HttpVersionRoutingHandler channelRead\nINFO: Detected HTTP/2 connection.\n"}}
[debug] [2025-12-07T10:06:51.959Z] Multiple projectIds are not recommended in single project mode. Requested project ID mymoment-e8680, but the emulator is configured for coffee-spark-ai-barista-a5d3b. To opt-out of single project mode add/set the '"singleProjectMode": false' property in the firebase.json emulators config.
 {"metadata":{"emulator":{"name":"firestore"},"message":"Multiple projectIds are not recommended in single project mode. Requested project ID mymoment-e8680, but the emulator is configured for coffee-spark-ai-barista-a5d3b. To opt-out of single project mode add/set the '\"singleProjectMode\": false' property in the firebase.json emulators config.\n"}}
[debug] [2025-12-07T10:09:52.041Z] Dec 07, 2025 6:09:52 PM io.gapi.emulators.netty.HttpVersionRoutingHandler channelRead
INFO: Detected HTTP/2 connection.
 {"metadata":{"emulator":{"name":"firestore"},"message":"Dec 07, 2025 6:09:52 PM io.gapi.emulators.netty.HttpVersionRoutingHandler channelRead\nINFO: Detected HTTP/2 connection.\n"}}
[debug] [2025-12-07T10:09:52.056Z] Multiple projectIds are not recommended in single project mode. Requested project ID mymoment-e8680, but the emulator is configured for coffee-spark-ai-barista-a5d3b. To opt-out of single project mode add/set the '"singleProjectMode": false' property in the firebase.json emulators config.
 {"metadata":{"emulator":{"name":"firestore"},"message":"Multiple projectIds are not recommended in single project mode. Requested project ID mymoment-e8680, but the emulator is configured for coffee-spark-ai-barista-a5d3b. To opt-out of single project mode add/set the '\"singleProjectMode\": false' property in the firebase.json emulators config.\n"}}
[debug] [2025-12-07T10:13:04.032Z] Multiple projectIds are not recommended in single project mode. Requested project ID mymoment-e8680, but the emulator is configured for coffee-spark-ai-barista-a5d3b. To opt-out of single project mode add/set the '"singleProjectMode": false' property in the firebase.json emulators config.
 {"metadata":{"emulator":{"name":"firestore"},"message":"Multiple projectIds are not recommended in single project mode. Requested project ID mymoment-e8680, but the emulator is configured for coffee-spark-ai-barista-a5d3b. To opt-out of single project mode add/set the '\"singleProjectMode\": false' property in the firebase.json emulators config.\n"}}
[debug] [2025-12-07T10:16:04.761Z] Dec 07, 2025 6:16:04 PM io.gapi.emulators.netty.HttpVersionRoutingHandler channelRead
INFO: Detected HTTP/2 connection.
 {"metadata":{"emulator":{"name":"firestore"},"message":"Dec 07, 2025 6:16:04 PM io.gapi.emulators.netty.HttpVersionRoutingHandler channelRead\nINFO: Detected HTTP/2 connection.\n"}}
[debug] [2025-12-07T10:16:04.812Z] Multiple projectIds are not recommended in single project mode. Requested project ID mymoment-e8680, but the emulator is configured for coffee-spark-ai-barista-a5d3b. To opt-out of single project mode add/set the '"singleProjectMode": false' property in the firebase.json emulators config.
Multiple projectIds are not recommended in single project mode. Requested project ID mymoment-e8680, but the emulator is configured for coffee-spark-ai-barista-a5d3b. To opt-out of single project mode add/set the '"singleProjectMode": false' property in the firebase.json emulators config.
 {"metadata":{"emulator":{"name":"firestore"},"message":"Multiple projectIds are not recommended in single project mode. Requested project ID mymoment-e8680, but the emulator is configured for coffee-spark-ai-barista-a5d3b. To opt-out of single project mode add/set the '\"singleProjectMode\": false' property in the firebase.json emulators config.\nMultiple projectIds are not recommended in single project mode. Requested project ID mymoment-e8680, but the emulator is configured for coffee-spark-ai-barista-a5d3b. To opt-out of single project mode add/set the '\"singleProjectMode\": false' property in the firebase.json emulators config.\n"}}
[debug] [2025-12-07T10:16:14.940Z] Multiple projectIds are not recommended in single project mode. Requested project ID mymoment-e8680, but the emulator is configured for coffee-spark-ai-barista-a5d3b. To opt-out of single project mode add/set the '"singleProjectMode": false' property in the firebase.json emulators config.
 {"metadata":{"emulator":{"name":"firestore"},"message":"Multiple projectIds are not recommended in single project mode. Requested project ID mymoment-e8680, but the emulator is configured for coffee-spark-ai-barista-a5d3b. To opt-out of single project mode add/set the '\"singleProjectMode\": false' property in the firebase.json emulators config.\n"}}
